Start testing: Sep 08 02:44 IST
----------------------------------------------------------
1/19 Testing: CityGraphTest.AddNodesAndVerifyExistence
1/19 Test: CityGraphTest.AddNodesAndVerifyExistence
Command: "/Users/shivam/Desktop/Amazon/FulfillX/build/fulfillx_test" "--gtest_filter=CityGraphTest.AddNodesAndVerifyExistence" "--gtest_also_run_disabled_tests"
Directory: /Users/shivam/Desktop/Amazon/FulfillX/build
"CityGraphTest.AddNodesAndVerifyExistence" start time: Sep 08 02:44 IST
Output:
----------------------------------------------------------
Running main() from /Users/shivam/Desktop/Amazon/FulfillX/build/_deps/googletest-src/googletest/src/gtest_main.cc
Note: Google Test filter = CityGraphTest.AddNodesAndVerifyExistence
[==========] Running 1 test from 1 test suite.
[----------] Global test environment set-up.
[----------] 1 test from CityGraphTest
[ RUN      ] CityGraphTest.AddNodesAndVerifyExistence
[       OK ] CityGraphTest.AddNodesAndVerifyExistence (0 ms)
[----------] 1 test from CityGraphTest (0 ms total)

[----------] Global test environment tear-down
[==========] 1 test from 1 test suite ran. (0 ms total)
[  PASSED  ] 1 test.
<end of output>
Test time =   0.02 sec
----------------------------------------------------------
Test Passed.
"CityGraphTest.AddNodesAndVerifyExistence" end time: Sep 08 02:44 IST
"CityGraphTest.AddNodesAndVerifyExistence" time elapsed: 00:00:00
----------------------------------------------------------

2/19 Testing: CityGraphTest.AddEdgesAndVerifyNeighbors
2/19 Test: CityGraphTest.AddEdgesAndVerifyNeighbors
Command: "/Users/shivam/Desktop/Amazon/FulfillX/build/fulfillx_test" "--gtest_filter=CityGraphTest.AddEdgesAndVerifyNeighbors" "--gtest_also_run_disabled_tests"
Directory: /Users/shivam/Desktop/Amazon/FulfillX/build
"CityGraphTest.AddEdgesAndVerifyNeighbors" start time: Sep 08 02:44 IST
Output:
----------------------------------------------------------
Running main() from /Users/shivam/Desktop/Amazon/FulfillX/build/_deps/googletest-src/googletest/src/gtest_main.cc
Note: Google Test filter = CityGraphTest.AddEdgesAndVerifyNeighbors
[==========] Running 1 test from 1 test suite.
[----------] Global test environment set-up.
[----------] 1 test from CityGraphTest
[ RUN      ] CityGraphTest.AddEdgesAndVerifyNeighbors
[       OK ] CityGraphTest.AddEdgesAndVerifyNeighbors (0 ms)
[----------] 1 test from CityGraphTest (0 ms total)

[----------] Global test environment tear-down
[==========] 1 test from 1 test suite ran. (0 ms total)
[  PASSED  ] 1 test.
<end of output>
Test time =   0.01 sec
----------------------------------------------------------
Test Passed.
"CityGraphTest.AddEdgesAndVerifyNeighbors" end time: Sep 08 02:44 IST
"CityGraphTest.AddEdgesAndVerifyNeighbors" time elapsed: 00:00:00
----------------------------------------------------------

3/19 Testing: CityGraphTest.GetNodeNameReturnsCorrectName
3/19 Test: CityGraphTest.GetNodeNameReturnsCorrectName
Command: "/Users/shivam/Desktop/Amazon/FulfillX/build/fulfillx_test" "--gtest_filter=CityGraphTest.GetNodeNameReturnsCorrectName" "--gtest_also_run_disabled_tests"
Directory: /Users/shivam/Desktop/Amazon/FulfillX/build
"CityGraphTest.GetNodeNameReturnsCorrectName" start time: Sep 08 02:44 IST
Output:
----------------------------------------------------------
Running main() from /Users/shivam/Desktop/Amazon/FulfillX/build/_deps/googletest-src/googletest/src/gtest_main.cc
Note: Google Test filter = CityGraphTest.GetNodeNameReturnsCorrectName
[==========] Running 1 test from 1 test suite.
[----------] Global test environment set-up.
[----------] 1 test from CityGraphTest
[ RUN      ] CityGraphTest.GetNodeNameReturnsCorrectName
[       OK ] CityGraphTest.GetNodeNameReturnsCorrectName (0 ms)
[----------] 1 test from CityGraphTest (0 ms total)

[----------] Global test environment tear-down
[==========] 1 test from 1 test suite ran. (0 ms total)
[  PASSED  ] 1 test.
<end of output>
Test time =   0.01 sec
----------------------------------------------------------
Test Passed.
"CityGraphTest.GetNodeNameReturnsCorrectName" end time: Sep 08 02:44 IST
"CityGraphTest.GetNodeNameReturnsCorrectName" time elapsed: 00:00:00
----------------------------------------------------------

4/19 Testing: CityGraphTest.NumNodesAndEdges
4/19 Test: CityGraphTest.NumNodesAndEdges
Command: "/Users/shivam/Desktop/Amazon/FulfillX/build/fulfillx_test" "--gtest_filter=CityGraphTest.NumNodesAndEdges" "--gtest_also_run_disabled_tests"
Directory: /Users/shivam/Desktop/Amazon/FulfillX/build
"CityGraphTest.NumNodesAndEdges" start time: Sep 08 02:44 IST
Output:
----------------------------------------------------------
Running main() from /Users/shivam/Desktop/Amazon/FulfillX/build/_deps/googletest-src/googletest/src/gtest_main.cc
Note: Google Test filter = CityGraphTest.NumNodesAndEdges
[==========] Running 1 test from 1 test suite.
[----------] Global test environment set-up.
[----------] 1 test from CityGraphTest
[ RUN      ] CityGraphTest.NumNodesAndEdges
[       OK ] CityGraphTest.NumNodesAndEdges (0 ms)
[----------] 1 test from CityGraphTest (0 ms total)

[----------] Global test environment tear-down
[==========] 1 test from 1 test suite ran. (0 ms total)
[  PASSED  ] 1 test.
<end of output>
Test time =   0.01 sec
----------------------------------------------------------
Test Passed.
"CityGraphTest.NumNodesAndEdges" end time: Sep 08 02:44 IST
"CityGraphTest.NumNodesAndEdges" time elapsed: 00:00:00
----------------------------------------------------------

5/19 Testing: CityGraphTest.EmptyGraphReturnsNoNeighbors
5/19 Test: CityGraphTest.EmptyGraphReturnsNoNeighbors
Command: "/Users/shivam/Desktop/Amazon/FulfillX/build/fulfillx_test" "--gtest_filter=CityGraphTest.EmptyGraphReturnsNoNeighbors" "--gtest_also_run_disabled_tests"
Directory: /Users/shivam/Desktop/Amazon/FulfillX/build
"CityGraphTest.EmptyGraphReturnsNoNeighbors" start time: Sep 08 02:44 IST
Output:
----------------------------------------------------------
Running main() from /Users/shivam/Desktop/Amazon/FulfillX/build/_deps/googletest-src/googletest/src/gtest_main.cc
Note: Google Test filter = CityGraphTest.EmptyGraphReturnsNoNeighbors
[==========] Running 1 test from 1 test suite.
[----------] Global test environment set-up.
[----------] 1 test from CityGraphTest
[ RUN      ] CityGraphTest.EmptyGraphReturnsNoNeighbors
[       OK ] CityGraphTest.EmptyGraphReturnsNoNeighbors (0 ms)
[----------] 1 test from CityGraphTest (0 ms total)

[----------] Global test environment tear-down
[==========] 1 test from 1 test suite ran. (0 ms total)
[  PASSED  ] 1 test.
<end of output>
Test time =   0.01 sec
----------------------------------------------------------
Test Passed.
"CityGraphTest.EmptyGraphReturnsNoNeighbors" end time: Sep 08 02:44 IST
"CityGraphTest.EmptyGraphReturnsNoNeighbors" time elapsed: 00:00:00
----------------------------------------------------------

6/19 Testing: PathFinderTest.ShortestPathWarehouseToNorthSuburb
6/19 Test: PathFinderTest.ShortestPathWarehouseToNorthSuburb
Command: "/Users/shivam/Desktop/Amazon/FulfillX/build/fulfillx_test" "--gtest_filter=PathFinderTest.ShortestPathWarehouseToNorthSuburb" "--gtest_also_run_disabled_tests"
Directory: /Users/shivam/Desktop/Amazon/FulfillX/build
"PathFinderTest.ShortestPathWarehouseToNorthSuburb" start time: Sep 08 02:44 IST
Output:
----------------------------------------------------------
Running main() from /Users/shivam/Desktop/Amazon/FulfillX/build/_deps/googletest-src/googletest/src/gtest_main.cc
Note: Google Test filter = PathFinderTest.ShortestPathWarehouseToNorthSuburb
[==========] Running 1 test from 1 test suite.
[----------] Global test environment set-up.
[----------] 1 test from PathFinderTest
[ RUN      ] PathFinderTest.ShortestPathWarehouseToNorthSuburb
[       OK ] PathFinderTest.ShortestPathWarehouseToNorthSuburb (0 ms)
[----------] 1 test from PathFinderTest (0 ms total)

[----------] Global test environment tear-down
[==========] 1 test from 1 test suite ran. (0 ms total)
[  PASSED  ] 1 test.
<end of output>
Test time =   0.01 sec
----------------------------------------------------------
Test Passed.
"PathFinderTest.ShortestPathWarehouseToNorthSuburb" end time: Sep 08 02:44 IST
"PathFinderTest.ShortestPathWarehouseToNorthSuburb" time elapsed: 00:00:00
----------------------------------------------------------

7/19 Testing: PathFinderTest.ShortestPathWarehouseToEastTechPark
7/19 Test: PathFinderTest.ShortestPathWarehouseToEastTechPark
Command: "/Users/shivam/Desktop/Amazon/FulfillX/build/fulfillx_test" "--gtest_filter=PathFinderTest.ShortestPathWarehouseToEastTechPark" "--gtest_also_run_disabled_tests"
Directory: /Users/shivam/Desktop/Amazon/FulfillX/build
"PathFinderTest.ShortestPathWarehouseToEastTechPark" start time: Sep 08 02:44 IST
Output:
----------------------------------------------------------
Running main() from /Users/shivam/Desktop/Amazon/FulfillX/build/_deps/googletest-src/googletest/src/gtest_main.cc
Note: Google Test filter = PathFinderTest.ShortestPathWarehouseToEastTechPark
[==========] Running 1 test from 1 test suite.
[----------] Global test environment set-up.
[----------] 1 test from PathFinderTest
[ RUN      ] PathFinderTest.ShortestPathWarehouseToEastTechPark
[       OK ] PathFinderTest.ShortestPathWarehouseToEastTechPark (0 ms)
[----------] 1 test from PathFinderTest (0 ms total)

[----------] Global test environment tear-down
[==========] 1 test from 1 test suite ran. (0 ms total)
[  PASSED  ] 1 test.
<end of output>
Test time =   0.01 sec
----------------------------------------------------------
Test Passed.
"PathFinderTest.ShortestPathWarehouseToEastTechPark" end time: Sep 08 02:44 IST
"PathFinderTest.ShortestPathWarehouseToEastTechPark" time elapsed: 00:00:00
----------------------------------------------------------

8/19 Testing: PathFinderTest.ShortestPathWarehouseToWestEnd
8/19 Test: PathFinderTest.ShortestPathWarehouseToWestEnd
Command: "/Users/shivam/Desktop/Amazon/FulfillX/build/fulfillx_test" "--gtest_filter=PathFinderTest.ShortestPathWarehouseToWestEnd" "--gtest_also_run_disabled_tests"
Directory: /Users/shivam/Desktop/Amazon/FulfillX/build
"PathFinderTest.ShortestPathWarehouseToWestEnd" start time: Sep 08 02:44 IST
Output:
----------------------------------------------------------
Running main() from /Users/shivam/Desktop/Amazon/FulfillX/build/_deps/googletest-src/googletest/src/gtest_main.cc
Note: Google Test filter = PathFinderTest.ShortestPathWarehouseToWestEnd
[==========] Running 1 test from 1 test suite.
[----------] Global test environment set-up.
[----------] 1 test from PathFinderTest
[ RUN      ] PathFinderTest.ShortestPathWarehouseToWestEnd
[       OK ] PathFinderTest.ShortestPathWarehouseToWestEnd (0 ms)
[----------] 1 test from PathFinderTest (0 ms total)

[----------] Global test environment tear-down
[==========] 1 test from 1 test suite ran. (0 ms total)
[  PASSED  ] 1 test.
<end of output>
Test time =   0.01 sec
----------------------------------------------------------
Test Passed.
"PathFinderTest.ShortestPathWarehouseToWestEnd" end time: Sep 08 02:44 IST
"PathFinderTest.ShortestPathWarehouseToWestEnd" time elapsed: 00:00:00
----------------------------------------------------------

9/19 Testing: PathFinderTest.ShortestPathToSelf
9/19 Test: PathFinderTest.ShortestPathToSelf
Command: "/Users/shivam/Desktop/Amazon/FulfillX/build/fulfillx_test" "--gtest_filter=PathFinderTest.ShortestPathToSelf" "--gtest_also_run_disabled_tests"
Directory: /Users/shivam/Desktop/Amazon/FulfillX/build
"PathFinderTest.ShortestPathToSelf" start time: Sep 08 02:44 IST
Output:
----------------------------------------------------------
Running main() from /Users/shivam/Desktop/Amazon/FulfillX/build/_deps/googletest-src/googletest/src/gtest_main.cc
Note: Google Test filter = PathFinderTest.ShortestPathToSelf
[==========] Running 1 test from 1 test suite.
[----------] Global test environment set-up.
[----------] 1 test from PathFinderTest
[ RUN      ] PathFinderTest.ShortestPathToSelf
[       OK ] PathFinderTest.ShortestPathToSelf (0 ms)
[----------] 1 test from PathFinderTest (0 ms total)

[----------] Global test environment tear-down
[==========] 1 test from 1 test suite ran. (0 ms total)
[  PASSED  ] 1 test.
<end of output>
Test time =   0.01 sec
----------------------------------------------------------
Test Passed.
"PathFinderTest.ShortestPathToSelf" end time: Sep 08 02:44 IST
"PathFinderTest.ShortestPathToSelf" time elapsed: 00:00:00
----------------------------------------------------------

10/19 Testing: PathFinderTest.NoPathToDisconnectedNode
10/19 Test: PathFinderTest.NoPathToDisconnectedNode
Command: "/Users/shivam/Desktop/Amazon/FulfillX/build/fulfillx_test" "--gtest_filter=PathFinderTest.NoPathToDisconnectedNode" "--gtest_also_run_disabled_tests"
Directory: /Users/shivam/Desktop/Amazon/FulfillX/build
"PathFinderTest.NoPathToDisconnectedNode" start time: Sep 08 02:44 IST
Output:
----------------------------------------------------------
Running main() from /Users/shivam/Desktop/Amazon/FulfillX/build/_deps/googletest-src/googletest/src/gtest_main.cc
Note: Google Test filter = PathFinderTest.NoPathToDisconnectedNode
[==========] Running 1 test from 1 test suite.
[----------] Global test environment set-up.
[----------] 1 test from PathFinderTest
[ RUN      ] PathFinderTest.NoPathToDisconnectedNode
[       OK ] PathFinderTest.NoPathToDisconnectedNode (0 ms)
[----------] 1 test from PathFinderTest (0 ms total)

[----------] Global test environment tear-down
[==========] 1 test from 1 test suite ran. (0 ms total)
[  PASSED  ] 1 test.
<end of output>
Test time =   0.01 sec
----------------------------------------------------------
Test Passed.
"PathFinderTest.NoPathToDisconnectedNode" end time: Sep 08 02:44 IST
"PathFinderTest.NoPathToDisconnectedNode" time elapsed: 00:00:00
----------------------------------------------------------

11/19 Testing: PathFinderTest.PathIsSymmetric
11/19 Test: PathFinderTest.PathIsSymmetric
Command: "/Users/shivam/Desktop/Amazon/FulfillX/build/fulfillx_test" "--gtest_filter=PathFinderTest.PathIsSymmetric" "--gtest_also_run_disabled_tests"
Directory: /Users/shivam/Desktop/Amazon/FulfillX/build
"PathFinderTest.PathIsSymmetric" start time: Sep 08 02:44 IST
Output:
----------------------------------------------------------
Running main() from /Users/shivam/Desktop/Amazon/FulfillX/build/_deps/googletest-src/googletest/src/gtest_main.cc
Note: Google Test filter = PathFinderTest.PathIsSymmetric
[==========] Running 1 test from 1 test suite.
[----------] Global test environment set-up.
[----------] 1 test from PathFinderTest
[ RUN      ] PathFinderTest.PathIsSymmetric
[       OK ] PathFinderTest.PathIsSymmetric (0 ms)
[----------] 1 test from PathFinderTest (0 ms total)

[----------] Global test environment tear-down
[==========] 1 test from 1 test suite ran. (0 ms total)
[  PASSED  ] 1 test.
<end of output>
Test time =   0.01 sec
----------------------------------------------------------
Test Passed.
"PathFinderTest.PathIsSymmetric" end time: Sep 08 02:44 IST
"PathFinderTest.PathIsSymmetric" time elapsed: 00:00:00
----------------------------------------------------------

12/19 Testing: PackageTreeTest.InsertAndSize
12/19 Test: PackageTreeTest.InsertAndSize
Command: "/Users/shivam/Desktop/Amazon/FulfillX/build/fulfillx_test" "--gtest_filter=PackageTreeTest.InsertAndSize" "--gtest_also_run_disabled_tests"
Directory: /Users/shivam/Desktop/Amazon/FulfillX/build
"PackageTreeTest.InsertAndSize" start time: Sep 08 02:44 IST
Output:
----------------------------------------------------------
Running main() from /Users/shivam/Desktop/Amazon/FulfillX/build/_deps/googletest-src/googletest/src/gtest_main.cc
Note: Google Test filter = PackageTreeTest.InsertAndSize
[==========] Running 1 test from 1 test suite.
[----------] Global test environment set-up.
[----------] 1 test from PackageTreeTest
[ RUN      ] PackageTreeTest.InsertAndSize
[       OK ] PackageTreeTest.InsertAndSize (0 ms)
[----------] 1 test from PackageTreeTest (0 ms total)

[----------] Global test environment tear-down
[==========] 1 test from 1 test suite ran. (0 ms total)
[  PASSED  ] 1 test.
<end of output>
Test time =   0.05 sec
----------------------------------------------------------
Test Passed.
"PackageTreeTest.InsertAndSize" end time: Sep 08 02:44 IST
"PackageTreeTest.InsertAndSize" time elapsed: 00:00:00
----------------------------------------------------------

13/19 Testing: PackageTreeTest.InsertDuplicateDeadlineGroupsPackages
13/19 Test: PackageTreeTest.InsertDuplicateDeadlineGroupsPackages
Command: "/Users/shivam/Desktop/Amazon/FulfillX/build/fulfillx_test" "--gtest_filter=PackageTreeTest.InsertDuplicateDeadlineGroupsPackages" "--gtest_also_run_disabled_tests"
Directory: /Users/shivam/Desktop/Amazon/FulfillX/build
"PackageTreeTest.InsertDuplicateDeadlineGroupsPackages" start time: Sep 08 02:44 IST
Output:
----------------------------------------------------------
Running main() from /Users/shivam/Desktop/Amazon/FulfillX/build/_deps/googletest-src/googletest/src/gtest_main.cc
Note: Google Test filter = PackageTreeTest.InsertDuplicateDeadlineGroupsPackages
[==========] Running 1 test from 1 test suite.
[----------] Global test environment set-up.
[----------] 1 test from PackageTreeTest
[ RUN      ] PackageTreeTest.InsertDuplicateDeadlineGroupsPackages
[       OK ] PackageTreeTest.InsertDuplicateDeadlineGroupsPackages (0 ms)
[----------] 1 test from PackageTreeTest (0 ms total)

[----------] Global test environment tear-down
[==========] 1 test from 1 test suite ran. (0 ms total)
[  PASSED  ] 1 test.
<end of output>
Test time =   0.03 sec
----------------------------------------------------------
Test Passed.
"PackageTreeTest.InsertDuplicateDeadlineGroupsPackages" end time: Sep 08 02:44 IST
"PackageTreeTest.InsertDuplicateDeadlineGroupsPackages" time elapsed: 00:00:00
----------------------------------------------------------

14/19 Testing: PackageTreeTest.RangeQueryReturnsCorrectPackages
14/19 Test: PackageTreeTest.RangeQueryReturnsCorrectPackages
Command: "/Users/shivam/Desktop/Amazon/FulfillX/build/fulfillx_test" "--gtest_filter=PackageTreeTest.RangeQueryReturnsCorrectPackages" "--gtest_also_run_disabled_tests"
Directory: /Users/shivam/Desktop/Amazon/FulfillX/build
"PackageTreeTest.RangeQueryReturnsCorrectPackages" start time: Sep 08 02:44 IST
Output:
----------------------------------------------------------
Running main() from /Users/shivam/Desktop/Amazon/FulfillX/build/_deps/googletest-src/googletest/src/gtest_main.cc
Note: Google Test filter = PackageTreeTest.RangeQueryReturnsCorrectPackages
[==========] Running 1 test from 1 test suite.
[----------] Global test environment set-up.
[----------] 1 test from PackageTreeTest
[ RUN      ] PackageTreeTest.RangeQueryReturnsCorrectPackages
[       OK ] PackageTreeTest.RangeQueryReturnsCorrectPackages (0 ms)
[----------] 1 test from PackageTreeTest (0 ms total)

[----------] Global test environment tear-down
[==========] 1 test from 1 test suite ran. (0 ms total)
[  PASSED  ] 1 test.
<end of output>
Test time =   0.01 sec
----------------------------------------------------------
Test Passed.
"PackageTreeTest.RangeQueryReturnsCorrectPackages" end time: Sep 08 02:44 IST
"PackageTreeTest.RangeQueryReturnsCorrectPackages" time elapsed: 00:00:00
----------------------------------------------------------

15/19 Testing: PackageTreeTest.RangeQueryWithExactBoundary
15/19 Test: PackageTreeTest.RangeQueryWithExactBoundary
Command: "/Users/shivam/Desktop/Amazon/FulfillX/build/fulfillx_test" "--gtest_filter=PackageTreeTest.RangeQueryWithExactBoundary" "--gtest_also_run_disabled_tests"
Directory: /Users/shivam/Desktop/Amazon/FulfillX/build
"PackageTreeTest.RangeQueryWithExactBoundary" start time: Sep 08 02:44 IST
Output:
----------------------------------------------------------
Running main() from /Users/shivam/Desktop/Amazon/FulfillX/build/_deps/googletest-src/googletest/src/gtest_main.cc
Note: Google Test filter = PackageTreeTest.RangeQueryWithExactBoundary
[==========] Running 1 test from 1 test suite.
[----------] Global test environment set-up.
[----------] 1 test from PackageTreeTest
[ RUN      ] PackageTreeTest.RangeQueryWithExactBoundary
[       OK ] PackageTreeTest.RangeQueryWithExactBoundary (0 ms)
[----------] 1 test from PackageTreeTest (0 ms total)

[----------] Global test environment tear-down
[==========] 1 test from 1 test suite ran. (0 ms total)
[  PASSED  ] 1 test.
<end of output>
Test time =   0.01 sec
----------------------------------------------------------
Test Passed.
"PackageTreeTest.RangeQueryWithExactBoundary" end time: Sep 08 02:44 IST
"PackageTreeTest.RangeQueryWithExactBoundary" time elapsed: 00:00:00
----------------------------------------------------------

16/19 Testing: PackageTreeTest.RangeQueryReturnsNothingWhenAllAfterThreshold
16/19 Test: PackageTreeTest.RangeQueryReturnsNothingWhenAllAfterThreshold
Command: "/Users/shivam/Desktop/Amazon/FulfillX/build/fulfillx_test" "--gtest_filter=PackageTreeTest.RangeQueryReturnsNothingWhenAllAfterThreshold" "--gtest_also_run_disabled_tests"
Directory: /Users/shivam/Desktop/Amazon/FulfillX/build
"PackageTreeTest.RangeQueryReturnsNothingWhenAllAfterThreshold" start time: Sep 08 02:44 IST
Output:
----------------------------------------------------------
Running main() from /Users/shivam/Desktop/Amazon/FulfillX/build/_deps/googletest-src/googletest/src/gtest_main.cc
Note: Google Test filter = PackageTreeTest.RangeQueryReturnsNothingWhenAllAfterThreshold
[==========] Running 1 test from 1 test suite.
[----------] Global test environment set-up.
[----------] 1 test from PackageTreeTest
[ RUN      ] PackageTreeTest.RangeQueryReturnsNothingWhenAllAfterThreshold
[       OK ] PackageTreeTest.RangeQueryReturnsNothingWhenAllAfterThreshold (0 ms)
[----------] 1 test from PackageTreeTest (0 ms total)

[----------] Global test environment tear-down
[==========] 1 test from 1 test suite ran. (0 ms total)
[  PASSED  ] 1 test.
<end of output>
Test time =   0.01 sec
----------------------------------------------------------
Test Passed.
"PackageTreeTest.RangeQueryReturnsNothingWhenAllAfterThreshold" end time: Sep 08 02:44 IST
"PackageTreeTest.RangeQueryReturnsNothingWhenAllAfterThreshold" time elapsed: 00:00:00
----------------------------------------------------------

17/19 Testing: PackageTreeTest.RemovePackageById
17/19 Test: PackageTreeTest.RemovePackageById
Command: "/Users/shivam/Desktop/Amazon/FulfillX/build/fulfillx_test" "--gtest_filter=PackageTreeTest.RemovePackageById" "--gtest_also_run_disabled_tests"
Directory: /Users/shivam/Desktop/Amazon/FulfillX/build
"PackageTreeTest.RemovePackageById" start time: Sep 08 02:44 IST
Output:
----------------------------------------------------------
Running main() from /Users/shivam/Desktop/Amazon/FulfillX/build/_deps/googletest-src/googletest/src/gtest_main.cc
Note: Google Test filter = PackageTreeTest.RemovePackageById
[==========] Running 1 test from 1 test suite.
[----------] Global test environment set-up.
[----------] 1 test from PackageTreeTest
[ RUN      ] PackageTreeTest.RemovePackageById
[       OK ] PackageTreeTest.RemovePackageById (0 ms)
[----------] 1 test from PackageTreeTest (0 ms total)

[----------] Global test environment tear-down
[==========] 1 test from 1 test suite ran. (0 ms total)
[  PASSED  ] 1 test.
<end of output>
Test time =   0.01 sec
----------------------------------------------------------
Test Passed.
"PackageTreeTest.RemovePackageById" end time: Sep 08 02:44 IST
"PackageTreeTest.RemovePackageById" time elapsed: 00:00:00
----------------------------------------------------------

18/19 Testing: PackageTreeTest.RemoveNonexistentPackageReturnsFalse
18/19 Test: PackageTreeTest.RemoveNonexistentPackageReturnsFalse
Command: "/Users/shivam/Desktop/Amazon/FulfillX/build/fulfillx_test" "--gtest_filter=PackageTreeTest.RemoveNonexistentPackageReturnsFalse" "--gtest_also_run_disabled_tests"
Directory: /Users/shivam/Desktop/Amazon/FulfillX/build
"PackageTreeTest.RemoveNonexistentPackageReturnsFalse" start time: Sep 08 02:44 IST
Output:
----------------------------------------------------------
Running main() from /Users/shivam/Desktop/Amazon/FulfillX/build/_deps/googletest-src/googletest/src/gtest_main.cc
Note: Google Test filter = PackageTreeTest.RemoveNonexistentPackageReturnsFalse
[==========] Running 1 test from 1 test suite.
[----------] Global test environment set-up.
[----------] 1 test from PackageTreeTest
[ RUN      ] PackageTreeTest.RemoveNonexistentPackageReturnsFalse
[       OK ] PackageTreeTest.RemoveNonexistentPackageReturnsFalse (0 ms)
[----------] 1 test from PackageTreeTest (0 ms total)

[----------] Global test environment tear-down
[==========] 1 test from 1 test suite ran. (0 ms total)
[  PASSED  ] 1 test.
<end of output>
Test time =   0.01 sec
----------------------------------------------------------
Test Passed.
"PackageTreeTest.RemoveNonexistentPackageReturnsFalse" end time: Sep 08 02:44 IST
"PackageTreeTest.RemoveNonexistentPackageReturnsFalse" time elapsed: 00:00:00
----------------------------------------------------------

19/19 Testing: PackageTreeTest.ClearEmptiesTree
19/19 Test: PackageTreeTest.ClearEmptiesTree
Command: "/Users/shivam/Desktop/Amazon/FulfillX/build/fulfillx_test" "--gtest_filter=PackageTreeTest.ClearEmptiesTree" "--gtest_also_run_disabled_tests"
Directory: /Users/shivam/Desktop/Amazon/FulfillX/build
"PackageTreeTest.ClearEmptiesTree" start time: Sep 08 02:44 IST
Output:
----------------------------------------------------------
Running main() from /Users/shivam/Desktop/Amazon/FulfillX/build/_deps/googletest-src/googletest/src/gtest_main.cc
Note: Google Test filter = PackageTreeTest.ClearEmptiesTree
[==========] Running 1 test from 1 test suite.
[----------] Global test environment set-up.
[----------] 1 test from PackageTreeTest
[ RUN      ] PackageTreeTest.ClearEmptiesTree
[       OK ] PackageTreeTest.ClearEmptiesTree (0 ms)
[----------] 1 test from PackageTreeTest (0 ms total)

[----------] Global test environment tear-down
[==========] 1 test from 1 test suite ran. (0 ms total)
[  PASSED  ] 1 test.
<end of output>
Test time =   0.01 sec
----------------------------------------------------------
Test Passed.
"PackageTreeTest.ClearEmptiesTree" end time: Sep 08 02:44 IST
"PackageTreeTest.ClearEmptiesTree" time elapsed: 00:00:00
----------------------------------------------------------

End testing: Sep 08 02:44 IST
